2025-05-12 21:16:59,891 INFO: TimeOff Manager startup [in /Users/juhopark/workspace/leave-tracker/app.py:42]
2025-05-12 21:17:22,037 INFO: TimeOff Manager startup [in /Users/juhopark/workspace/leave-tracker/app.py:42]
2025-05-12 21:25:14,782 INFO: TimeOff Manager startup [in /Users/juhopark/workspace/leave-tracker/app.py:42]
2025-05-12 21:25:15,505 INFO: TimeOff Manager startup [in /Users/juhopark/workspace/leave-tracker/app.py:42]
2025-05-12 21:29:16,459 INFO: TimeOff Manager startup [in /Users/juhopark/workspace/leave-tracker/app.py:42]
2025-05-12 21:30:52,267 INFO: TimeOff Manager startup [in /Users/juhopark/workspace/leave-tracker/app.py:42]
2025-05-12 21:31:26,470 INFO: TimeOff Manager startup [in /Users/juhopark/workspace/leave-tracker/app.py:42]
2025-05-12 21:36:03,460 INFO: TimeOff Manager startup [in /Users/juhopark/workspace/leave-tracker/app.py:42]
2025-05-12 21:36:04,178 INFO: TimeOff Manager startup [in /Users/juhopark/workspace/leave-tracker/app.py:42]
2025-05-12 21:39:03,674 INFO: TimeOff Manager startup [in /Users/juhopark/workspace/leave-tracker/app.py:42]
2025-05-12 21:40:18,409 INFO: TimeOff Manager startup [in /Users/juhopark/workspace/leave-tracker/app.py:42]
2025-05-12 21:41:51,810 ERROR: Error in system route: (builtins.TypeError) SQLite DateTime type only accepts Python datetime and date objects as input.
[SQL: INSERT INTO employee (name, department, position, join_date, annual_leave, used_leave, remaining_leave, user_id, user_pw_hash, role) VALUES (?, ?, ?, ?, ?, ?, ?, ?, ?, ?)]
[parameters: [{'user_id': 'test@rb-ware.com', 'role': 'user', 'join_date': '2025-04-01', 'used_leave': 0, 'name': 'tt', 'user_pw_hash': b'$2b$12$zlA0nYmbp87d.p7Y7ytA3eGg8fZG8R/BNi6pYVqkbrdbNxom/zWra', 'position': '대리', 'remaining_leave': 15.0, 'annual_leave': 15.0, 'department': 'Dev team 2'}]] [in /Users/juhopark/workspace/leave-tracker/app.py:681]
2025-05-12 21:42:12,042 ERROR: Database error in edit_employee: (builtins.TypeError) SQLite DateTime type only accepts Python datetime and date objects as input.
[SQL: UPDATE employee SET position=?, join_date=? WHERE employee.id = ?]
[parameters: [{'join_date': '2025-04-07', 'position': '팀장', 'employee_id': 1}]] [in /Users/juhopark/workspace/leave-tracker/app.py:793]
2025-05-12 21:42:34,746 ERROR: Database error in edit_employee: (builtins.TypeError) SQLite DateTime type only accepts Python datetime and date objects as input.
[SQL: UPDATE employee SET position=?, join_date=? WHERE employee.id = ?]
[parameters: [{'join_date': '2025-05-12', 'position': '팀장', 'employee_id': 1}]] [in /Users/juhopark/workspace/leave-tracker/app.py:793]
2025-05-12 21:43:26,759 INFO: TimeOff Manager startup [in /Users/juhopark/workspace/leave-tracker/app.py:42]
2025-05-12 21:43:28,655 INFO: TimeOff Manager startup [in /Users/juhopark/workspace/leave-tracker/app.py:42]
2025-05-12 21:44:24,065 INFO: TimeOff Manager startup [in /Users/juhopark/workspace/leave-tracker/app.py:42]
2025-05-12 21:44:25,964 INFO: TimeOff Manager startup [in /Users/juhopark/workspace/leave-tracker/app.py:42]
