2025-05-11 20:26:40,376 INFO: Leave Tracker startup [in C:\Users\juho.park\rbw\leave-tracker\app\utils\logger.py:19]
2025-05-11 20:26:45,521 ERROR: Exception on /login [GET] [in C:\Users\juho.park\rbw\leave-tracker\venv\Lib\site-packages\flask\app.py:828]
Traceback (most recent call last):
  File "C:\Users\juho.park\rbw\leave-tracker\venv\Lib\site-packages\flask\app.py", line 1463, in wsgi_app
    response = self.full_dispatch_request()
               ^^^^^^^^^^^^^^^^^^^^^^^^^^^^
  File "C:\Users\juho.park\rbw\leave-tracker\venv\Lib\site-packages\flask\app.py", line 872, in full_dispatch_request
    rv = self.handle_user_exception(e)
         ^^^^^^^^^^^^^^^^^^^^^^^^^^^^^
  File "C:\Users\juho.park\rbw\leave-tracker\venv\Lib\site-packages\flask\app.py", line 870, in full_dispatch_request
    rv = self.dispatch_request()
         ^^^^^^^^^^^^^^^^^^^^^^^
  File "C:\Users\juho.park\rbw\leave-tracker\venv\Lib\site-packages\flask\app.py", line 855, in dispatch_request
    return self.ensure_sync(self.view_functions[rule.endpoint])(**view_args)  # type: ignore[no-any-return]
           ^^^^^^^^^^^^^^^^^^^^^^^^^^^^^^^^^^^^^^^^^^^^^^^^^^^^^^^^^^^^^^^^^
  File "C:\Users\juho.park\rbw\leave-tracker\app\routes\auth.py", line 29, in login
    return render_template('login.html', csrf_token=generate_csrf_token())
           ^^^^^^^^^^^^^^^^^^^^^^^^^^^^^^^^^^^^^^^^^^^^^^^^^^^^^^^^^^^^^^^
  File "C:\Users\juho.park\rbw\leave-tracker\venv\Lib\site-packages\flask\templating.py", line 149, in render_template
    template = app.jinja_env.get_or_select_template(template_name_or_list)
               ^^^^^^^^^^^^^^^^^^^^^^^^^^^^^^^^^^^^^^^^^^^^^^^^^^^^^^^^^^^
  File "C:\Users\juho.park\rbw\leave-tracker\venv\Lib\site-packages\jinja2\environment.py", line 1087, in get_or_select_template
    return self.get_template(template_name_or_list, parent, globals)
           ^^^^^^^^^^^^^^^^^^^^^^^^^^^^^^^^^^^^^^^^^^^^^^^^^^^^^^^^^
  File "C:\Users\juho.park\rbw\leave-tracker\venv\Lib\site-packages\jinja2\environment.py", line 1016, in get_template
    return self._load_template(name, globals)
           ^^^^^^^^^^^^^^^^^^^^^^^^^^^^^^^^^^
  File "C:\Users\juho.park\rbw\leave-tracker\venv\Lib\site-packages\jinja2\environment.py", line 975, in _load_template
    template = self.loader.load(self, name, self.make_globals(globals))
               ^^^^^^^^^^^^^^^^^^^^^^^^^^^^^^^^^^^^^^^^^^^^^^^^^^^^^^^^
  File "C:\Users\juho.park\rbw\leave-tracker\venv\Lib\site-packages\jinja2\loaders.py", line 126, in load
    source, filename, uptodate = self.get_source(environment, name)
                                 ^^^^^^^^^^^^^^^^^^^^^^^^^^^^^^^^^^
  File "C:\Users\juho.park\rbw\leave-tracker\venv\Lib\site-packages\flask\templating.py", line 65, in get_source
    return self._get_source_fast(environment, template)
           ^^^^^^^^^^^^^^^^^^^^^^^^^^^^^^^^^^^^^^^^^^^^
  File "C:\Users\juho.park\rbw\leave-tracker\venv\Lib\site-packages\flask\templating.py", line 99, in _get_source_fast
    raise TemplateNotFound(template)
jinja2.exceptions.TemplateNotFound: login.html
2025-05-11 20:28:30,285 ERROR: Exception on /login [GET] [in C:\Users\juho.park\rbw\leave-tracker\venv\Lib\site-packages\flask\app.py:828]
Traceback (most recent call last):
  File "C:\Users\juho.park\rbw\leave-tracker\venv\Lib\site-packages\flask\app.py", line 1463, in wsgi_app
    response = self.full_dispatch_request()
               ^^^^^^^^^^^^^^^^^^^^^^^^^^^^
  File "C:\Users\juho.park\rbw\leave-tracker\venv\Lib\site-packages\flask\app.py", line 872, in full_dispatch_request
    rv = self.handle_user_exception(e)
         ^^^^^^^^^^^^^^^^^^^^^^^^^^^^^
  File "C:\Users\juho.park\rbw\leave-tracker\venv\Lib\site-packages\flask\app.py", line 870, in full_dispatch_request
    rv = self.dispatch_request()
         ^^^^^^^^^^^^^^^^^^^^^^^
  File "C:\Users\juho.park\rbw\leave-tracker\venv\Lib\site-packages\flask\app.py", line 855, in dispatch_request
    return self.ensure_sync(self.view_functions[rule.endpoint])(**view_args)  # type: ignore[no-any-return]
           ^^^^^^^^^^^^^^^^^^^^^^^^^^^^^^^^^^^^^^^^^^^^^^^^^^^^^^^^^^^^^^^^^
  File "C:\Users\juho.park\rbw\leave-tracker\app\routes\auth.py", line 29, in login
    return render_template('login.html', csrf_token=generate_csrf_token())
           ^^^^^^^^^^^^^^^^^^^^^^^^^^^^^^^^^^^^^^^^^^^^^^^^^^^^^^^^^^^^^^^
  File "C:\Users\juho.park\rbw\leave-tracker\venv\Lib\site-packages\flask\templating.py", line 150, in render_template
    return _render(app, template, context)
           ^^^^^^^^^^^^^^^^^^^^^^^^^^^^^^^
  File "C:\Users\juho.park\rbw\leave-tracker\venv\Lib\site-packages\flask\templating.py", line 131, in _render
    rv = template.render(context)
         ^^^^^^^^^^^^^^^^^^^^^^^^
  File "C:\Users\juho.park\rbw\leave-tracker\venv\Lib\site-packages\jinja2\environment.py", line 1295, in render
    self.environment.handle_exception()
  File "C:\Users\juho.park\rbw\leave-tracker\venv\Lib\site-packages\jinja2\environment.py", line 942, in handle_exception
    raise rewrite_traceback_stack(source=source)
  File "C:\Users\juho.park\rbw\leave-tracker\app\templates\login.html", line 23, in top-level template code
    <input type="hidden" name="csrf_token" value="{{ csrf_token() }}">
    ^^^^^^^^^^^^^^^^^^^^^^^^^
TypeError: 'str' object is not callable
2025-05-11 20:28:38,721 INFO: Leave Tracker startup [in C:\Users\juho.park\rbw\leave-tracker\app\utils\logger.py:19]
2025-05-11 20:28:43,479 ERROR: Exception on /login [GET] [in C:\Users\juho.park\rbw\leave-tracker\venv\Lib\site-packages\flask\app.py:828]
Traceback (most recent call last):
  File "C:\Users\juho.park\rbw\leave-tracker\venv\Lib\site-packages\flask\app.py", line 1463, in wsgi_app
    response = self.full_dispatch_request()
               ^^^^^^^^^^^^^^^^^^^^^^^^^^^^
  File "C:\Users\juho.park\rbw\leave-tracker\venv\Lib\site-packages\flask\app.py", line 872, in full_dispatch_request
    rv = self.handle_user_exception(e)
         ^^^^^^^^^^^^^^^^^^^^^^^^^^^^^
  File "C:\Users\juho.park\rbw\leave-tracker\venv\Lib\site-packages\flask\app.py", line 870, in full_dispatch_request
    rv = self.dispatch_request()
         ^^^^^^^^^^^^^^^^^^^^^^^
  File "C:\Users\juho.park\rbw\leave-tracker\venv\Lib\site-packages\flask\app.py", line 855, in dispatch_request
    return self.ensure_sync(self.view_functions[rule.endpoint])(**view_args)  # type: ignore[no-any-return]
           ^^^^^^^^^^^^^^^^^^^^^^^^^^^^^^^^^^^^^^^^^^^^^^^^^^^^^^^^^^^^^^^^^
  File "C:\Users\juho.park\rbw\leave-tracker\app\routes\auth.py", line 29, in login
    return render_template('login.html', csrf_token=generate_csrf_token())
           ^^^^^^^^^^^^^^^^^^^^^^^^^^^^^^^^^^^^^^^^^^^^^^^^^^^^^^^^^^^^^^^
  File "C:\Users\juho.park\rbw\leave-tracker\venv\Lib\site-packages\flask\templating.py", line 150, in render_template
    return _render(app, template, context)
           ^^^^^^^^^^^^^^^^^^^^^^^^^^^^^^^
  File "C:\Users\juho.park\rbw\leave-tracker\venv\Lib\site-packages\flask\templating.py", line 131, in _render
    rv = template.render(context)
         ^^^^^^^^^^^^^^^^^^^^^^^^
  File "C:\Users\juho.park\rbw\leave-tracker\venv\Lib\site-packages\jinja2\environment.py", line 1295, in render
    self.environment.handle_exception()
  File "C:\Users\juho.park\rbw\leave-tracker\venv\Lib\site-packages\jinja2\environment.py", line 942, in handle_exception
    raise rewrite_traceback_stack(source=source)
  File "C:\Users\juho.park\rbw\leave-tracker\app\templates\login.html", line 23, in top-level template code
    <input type="hidden" name="csrf_token" value="{{ csrf_token() }}">
    ^^^^^^^^^^^^^^^^^^^^^^^^^
TypeError: 'str' object is not callable
2025-05-11 20:28:44,072 ERROR: Exception on /login [GET] [in C:\Users\juho.park\rbw\leave-tracker\venv\Lib\site-packages\flask\app.py:828]
Traceback (most recent call last):
  File "C:\Users\juho.park\rbw\leave-tracker\venv\Lib\site-packages\flask\app.py", line 1463, in wsgi_app
    response = self.full_dispatch_request()
               ^^^^^^^^^^^^^^^^^^^^^^^^^^^^
  File "C:\Users\juho.park\rbw\leave-tracker\venv\Lib\site-packages\flask\app.py", line 872, in full_dispatch_request
    rv = self.handle_user_exception(e)
         ^^^^^^^^^^^^^^^^^^^^^^^^^^^^^
  File "C:\Users\juho.park\rbw\leave-tracker\venv\Lib\site-packages\flask\app.py", line 870, in full_dispatch_request
    rv = self.dispatch_request()
         ^^^^^^^^^^^^^^^^^^^^^^^
  File "C:\Users\juho.park\rbw\leave-tracker\venv\Lib\site-packages\flask\app.py", line 855, in dispatch_request
    return self.ensure_sync(self.view_functions[rule.endpoint])(**view_args)  # type: ignore[no-any-return]
           ^^^^^^^^^^^^^^^^^^^^^^^^^^^^^^^^^^^^^^^^^^^^^^^^^^^^^^^^^^^^^^^^^
  File "C:\Users\juho.park\rbw\leave-tracker\app\routes\auth.py", line 29, in login
    return render_template('login.html', csrf_token=generate_csrf_token())
           ^^^^^^^^^^^^^^^^^^^^^^^^^^^^^^^^^^^^^^^^^^^^^^^^^^^^^^^^^^^^^^^
  File "C:\Users\juho.park\rbw\leave-tracker\venv\Lib\site-packages\flask\templating.py", line 150, in render_template
    return _render(app, template, context)
           ^^^^^^^^^^^^^^^^^^^^^^^^^^^^^^^
  File "C:\Users\juho.park\rbw\leave-tracker\venv\Lib\site-packages\flask\templating.py", line 131, in _render
    rv = template.render(context)
         ^^^^^^^^^^^^^^^^^^^^^^^^
  File "C:\Users\juho.park\rbw\leave-tracker\venv\Lib\site-packages\jinja2\environment.py", line 1295, in render
    self.environment.handle_exception()
  File "C:\Users\juho.park\rbw\leave-tracker\venv\Lib\site-packages\jinja2\environment.py", line 942, in handle_exception
    raise rewrite_traceback_stack(source=source)
  File "C:\Users\juho.park\rbw\leave-tracker\app\templates\login.html", line 23, in top-level template code
    <input type="hidden" name="csrf_token" value="{{ csrf_token() }}">
    ^^^^^^^^^^^^^^^^^^^^^^^^^
TypeError: 'str' object is not callable
2025-05-11 20:29:40,796 INFO: Leave Tracker startup [in C:\Users\juho.park\rbw\leave-tracker\app\utils\logger.py:19]
